<?xml version="1.0" encoding="UTF-8"?>
<!-- Generated by org.testng.reporters.JUnitReportReporter -->
<testsuite hostname="LIN19003764" failures="0" tests="1" name="testCases.TC_04_FilterBySwtich" time="7.013" errors="0" timestamp="2024-01-26T20:19:40 IST" skipped="0">
  <testcase classname="testCases.TC_04_FilterBySwtich" name="verify_filterby" time="7.013"/>
</testsuite> <!-- testCases.TC_04_FilterBySwtich -->
