<?xml version="1.0" encoding="UTF-8"?>
<!-- Generated by org.testng.reporters.JUnitReportReporter -->
<testsuite hostname="LIN19003764" failures="0" tests="1" name="testCases.TC_01_WebSite_Launch" time="0.721" errors="0" timestamp="2024-01-27T12:12:19 IST" skipped="0">
  <testcase classname="testCases.TC_01_WebSite_Launch" name="verify_homepage" time="0.721"/>
</testsuite> <!-- testCases.TC_01_WebSite_Launch -->
