<?xml version="1.0" encoding="UTF-8"?>
<!-- Generated by org.testng.reporters.JUnitReportReporter -->
<testsuite hostname="LIN19003764" failures="0" tests="1" name="testCases.TC_02_SearchEarnings" time="2.112" errors="0" timestamp="2024-01-26T15:57:25 IST" skipped="0">
  <testcase classname="testCases.TC_02_SearchEarnings" name="verify_home_page" time="2.112"/>
</testsuite> <!-- testCases.TC_02_SearchEarnings -->
