<?xml version="1.0" encoding="UTF-8"?>
<!-- Generated by org.testng.reporters.JUnitReportReporter -->
<testsuite hostname="LIN19003764" failures="0" tests="1" name="testCases.TC_05_FilterByOutofStock" time="7.020" errors="0" timestamp="2024-01-26T19:53:44 IST" skipped="0">
  <testcase classname="testCases.TC_05_FilterByOutofStock" name="verify_filterbyOutofStock" time="7.020"/>
</testsuite> <!-- testCases.TC_05_FilterByOutofStock -->
