<?xml version="1.0" encoding="UTF-8"?>
<!-- Generated by org.testng.reporters.JUnitReportReporter -->
<testsuite hostname="LIN19003764" failures="0" tests="1" name="testCases.TC_07_RemovefromCart" time="10.333" errors="0" timestamp="2024-01-27T12:12:18 IST" skipped="0">
  <testcase classname="testCases.TC_07_RemovefromCart" name="verify_removefromcart" time="10.333"/>
</testsuite> <!-- testCases.TC_07_RemovefromCart -->
