<?xml version="1.0" encoding="UTF-8"?>
<!-- Generated by org.testng.reporters.JUnitReportReporter -->
<testsuite hostname="LIN19003764" failures="0" tests="1" name="testCases.TC_04_FilterByInStock" time="7.214" errors="0" timestamp="2024-01-26T19:53:44 IST" skipped="0">
  <testcase classname="testCases.TC_04_FilterByInStock" name="verify_filterbyInStock" time="7.214"/>
</testsuite> <!-- testCases.TC_04_FilterByInStock -->
