<?xml version="1.0" encoding="UTF-8"?>
<!-- Generated by org.testng.reporters.JUnitReportReporter -->
<testsuite hostname="LIN19003764" failures="0" tests="1" name="testCases.TC_03_InvalidSearchProduct" time="3.614" errors="0" timestamp="2024-01-27T12:12:19 IST" skipped="0">
  <testcase classname="testCases.TC_03_InvalidSearchProduct" name="verify_invalidsearch" time="3.614"/>
</testsuite> <!-- testCases.TC_03_InvalidSearchProduct -->
