<?xml version="1.0" encoding="UTF-8"?>
<!-- Generated by org.testng.reporters.JUnitReportReporter -->
<testsuite hostname="LIN19003764" failures="0" tests="1" name="testCases.TC_02_ValidSearchProduct" time="3.974" errors="0" timestamp="2024-01-27T12:21:02 IST" skipped="0">
  <testcase classname="testCases.TC_02_ValidSearchProduct" name="verify_validsearch" time="3.974"/>
</testsuite> <!-- testCases.TC_02_ValidSearchProduct -->
