<?xml version="1.0" encoding="UTF-8"?>
<!-- Generated by org.testng.reporters.JUnitReportReporter -->
<testsuite hostname="LIN19003764" failures="0" tests="2" name="testCases.TC_06_AddtoCard" time="15.093" errors="0" timestamp="2024-01-27T12:21:02 IST" skipped="0">
  <testcase classname="testCases.TC_06_AddtoCard" name="verify_addtocard" time="7.845"/>
  <testcase classname="testCases.TC_06_AddtoCard" name="verify_addtocard2" time="7.248"/>
</testsuite> <!-- testCases.TC_06_AddtoCard -->
